{"/Users/shannonlal/Personel/room-layout/src/index.jsx": {"path":"/Users/shannonlal/Personel/room-layout/src/index.jsx","statementMap":{},"fnMap":{},"branchMap":{},"s":{},"f":{},"b":{},"hash":"ed8fdd695ee52e1cc176907bdaf3410a26ff508e"}
,"/Users/shannonlal/Personel/room-layout/src/components/room/Building.jsx": {"path":"/Users/shannonlal/Personel/room-layout/src/components/room/Building.jsx","statementMap":{"0":{"start":{"line":3,"column":17},"end":{"line":3,"column":37}},"1":{"start":{"line":3,"column":23},"end":{"line":3,"column":37}},"2":{"start":{"line":5,"column":0},"end":{"line":5,"column":24}},"3":{"start":{"line":7,"column":0},"end":{"line":7,"column":27}}},"fnMap":{"0":{"name":"(anonymous_0)","decl":{"start":{"line":3,"column":17},"end":{"line":3,"column":18}},"loc":{"start":{"line":3,"column":23},"end":{"line":3,"column":37}},"line":3}},"branchMap":{},"s":{"0":1,"1":1,"2":1,"3":1},"f":{"0":1},"b":{},"_coverageSchema":"43e27e138ebf9cfc5966b082cf9a028302ed4184","hash":"a4b50e433e9f84debcd6437d132fa4d20110d36f"}
,"/Users/shannonlal/Personel/room-layout/src/components/room/Room.jsx": {"path":"/Users/shannonlal/Personel/room-layout/src/components/room/Room.jsx","statementMap":{"0":{"start":{"line":6,"column":13},"end":{"line":30,"column":1}},"1":{"start":{"line":7,"column":19},"end":{"line":22,"column":4}},"2":{"start":{"line":11,"column":6},"end":{"line":20,"column":7}},"3":{"start":{"line":12,"column":25},"end":{"line":12,"column":50}},"4":{"start":{"line":13,"column":8},"end":{"line":13,"column":48}},"5":{"start":{"line":15,"column":22},"end":{"line":15,"column":62}},"6":{"start":{"line":16,"column":21},"end":{"line":16,"column":52}},"7":{"start":{"line":17,"column":20},"end":{"line":17,"column":50}},"8":{"start":{"line":18,"column":8},"end":{"line":18,"column":45}},"9":{"start":{"line":19,"column":8},"end":{"line":19,"column":25}},"10":{"start":{"line":24,"column":2},"end":{"line":29,"column":4}},"11":{"start":{"line":32,"column":0},"end":{"line":41,"column":2}},"12":{"start":{"line":43,"column":0},"end":{"line":50,"column":2}}},"fnMap":{"0":{"name":"(anonymous_0)","decl":{"start":{"line":6,"column":13},"end":{"line":6,"column":14}},"loc":{"start":{"line":6,"column":88},"end":{"line":30,"column":1}},"line":6},"1":{"name":"(anonymous_1)","decl":{"start":{"line":10,"column":4},"end":{"line":10,"column":5}},"loc":{"start":{"line":10,"column":24},"end":{"line":21,"column":5}},"line":10}},"branchMap":{"0":{"loc":{"start":{"line":11,"column":6},"end":{"line":20,"column":7}},"type":"if","locations":[{"start":{"line":11,"column":6},"end":{"line":20,"column":7}},{"start":{"line":11,"column":6},"end":{"line":20,"column":7}}],"line":11}},"s":{"0":1,"1":0,"2":0,"3":0,"4":0,"5":0,"6":0,"7":0,"8":0,"9":0,"10":0,"11":1,"12":1},"f":{"0":0,"1":0},"b":{"0":[0,0]},"_coverageSchema":"43e27e138ebf9cfc5966b082cf9a028302ed4184","hash":"15f4d211f7331d0f00cdb0931d2872492fe46220"}
,"/Users/shannonlal/Personel/room-layout/src/components/room/RoomItem.jsx": {"path":"/Users/shannonlal/Personel/room-layout/src/components/room/RoomItem.jsx","statementMap":{"0":{"start":{"line":5,"column":31},"end":{"line":5,"column":79}},"1":{"start":{"line":7,"column":17},"end":{"line":7,"column":80}},"2":{"start":{"line":7,"column":66},"end":{"line":7,"column":80}},"3":{"start":{"line":9,"column":0},"end":{"line":15,"column":2}},"4":{"start":{"line":17,"column":0},"end":{"line":20,"column":2}}},"fnMap":{"0":{"name":"(anonymous_0)","decl":{"start":{"line":7,"column":17},"end":{"line":7,"column":18}},"loc":{"start":{"line":7,"column":66},"end":{"line":7,"column":80}},"line":7}},"branchMap":{},"s":{"0":2,"1":2,"2":1,"3":2,"4":2},"f":{"0":1},"b":{},"_coverageSchema":"43e27e138ebf9cfc5966b082cf9a028302ed4184","hash":"0791aaec5334133ea44bd1acde9d492090706ca2"}
}
